<?xml version="1.0" encoding="UTF-8"?>
<coverage generated="1720081408090" clover="3.2.0">
  <project timestamp="1720081408090" name="All files">
    <metrics statements="76" coveredstatements="72" conditionals="15" coveredconditionals="9" methods="21" coveredmethods="19" elements="112" coveredelements="100" complexity="0" loc="76" ncloc="76" packages="8" files="10" classes="10"/>
    <package name="libs">
      <metrics statements="4" coveredstatements="4" conditionals="0" coveredconditionals="0" methods="1" coveredmethods="1"/>
      <file name="tests.ts" path="/run/media/rasmus/Files/code/course/React/ReactJS/Testing/libs/tests.ts">
        <metrics statements="4" coveredstatements="4" conditionals="0" coveredconditionals="0" methods="1" coveredmethods="1"/>
        <line num="1" count="4" type="stmt"/>
        <line num="3" count="4" type="stmt"/>
        <line num="5" count="4" type="stmt"/>
        <line num="6" count="7" type="stmt"/>
      </file>
    </package>
    <package name="mocks">
      <metrics statements="1" coveredstatements="1" conditionals="0" coveredconditionals="0" methods="0" coveredmethods="0"/>
      <file name="fileMock.js" path="/run/media/rasmus/Files/code/course/React/ReactJS/Testing/mocks/fileMock.js">
        <metrics statements="1" coveredstatements="1" conditionals="0" coveredconditionals="0" methods="0" coveredmethods="0"/>
        <line num="1" count="5" type="stmt"/>
      </file>
    </package>
    <package name="src.data">
      <metrics statements="5" coveredstatements="5" conditionals="0" coveredconditionals="0" methods="2" coveredmethods="2"/>
      <file name="index.ts" path="/run/media/rasmus/Files/code/course/React/ReactJS/Testing/src/data/index.ts">
        <metrics statements="2" coveredstatements="2" conditionals="0" coveredconditionals="0" methods="2" coveredmethods="2"/>
        <line num="1" count="8" type="stmt"/>
        <line num="2" count="12" type="stmt"/>
      </file>
      <file name="playlists.ts" path="/run/media/rasmus/Files/code/course/React/ReactJS/Testing/src/data/playlists.ts">
        <metrics statements="1" coveredstatements="1" conditionals="0" coveredconditionals="0" methods="0" coveredmethods="0"/>
        <line num="3" count="4" type="stmt"/>
      </file>
      <file name="users.ts" path="/run/media/rasmus/Files/code/course/React/ReactJS/Testing/src/data/users.ts">
        <metrics statements="2" coveredstatements="2" conditionals="0" coveredconditionals="0" methods="0" coveredmethods="0"/>
        <line num="2" count="4" type="stmt"/>
        <line num="4" count="4" type="stmt"/>
      </file>
    </package>
    <package name="src.pages.MainPage">
      <metrics statements="3" coveredstatements="3" conditionals="0" coveredconditionals="0" methods="1" coveredmethods="1"/>
      <file name="MainPage.tsx" path="/run/media/rasmus/Files/code/course/React/ReactJS/Testing/src/pages/MainPage/MainPage.tsx">
        <metrics statements="3" coveredstatements="3" conditionals="0" coveredconditionals="0" methods="1" coveredmethods="1"/>
        <line num="1" count="1" type="stmt"/>
        <line num="3" count="1" type="stmt"/>
        <line num="4" count="1" type="stmt"/>
      </file>
    </package>
    <package name="src.pages.PlaylistInfoPage">
      <metrics statements="15" coveredstatements="13" conditionals="1" coveredconditionals="1" methods="5" coveredmethods="3"/>
      <file name="PlaylistInfoPage.tsx" path="/run/media/rasmus/Files/code/course/React/ReactJS/Testing/src/pages/PlaylistInfoPage/PlaylistInfoPage.tsx">
        <metrics statements="15" coveredstatements="13" conditionals="1" coveredconditionals="1" methods="5" coveredmethods="3"/>
        <line num="1" count="1" type="stmt"/>
        <line num="2" count="1" type="stmt"/>
        <line num="4" count="1" type="stmt"/>
        <line num="6" count="1" type="stmt"/>
        <line num="7" count="2" type="stmt"/>
        <line num="8" count="2" type="stmt"/>
        <line num="10" count="2" type="cond" truecount="1" falsecount="0"/>
        <line num="11" count="1" type="stmt"/>
        <line num="22" count="1" type="stmt"/>
        <line num="23" count="0" type="stmt"/>
        <line num="26" count="1" type="stmt"/>
        <line num="27" count="20" type="stmt"/>
        <line num="30" count="1" type="stmt"/>
        <line num="35" count="0" type="stmt"/>
        <line num="38" count="20" type="stmt"/>
      </file>
    </package>
    <package name="src.pages.PlaylistsPage">
      <metrics statements="26" coveredstatements="24" conditionals="9" coveredconditionals="3" methods="7" coveredmethods="7"/>
      <file name="PlaylistsPage.tsx" path="/run/media/rasmus/Files/code/course/React/ReactJS/Testing/src/pages/PlaylistsPage/PlaylistsPage.tsx">
        <metrics statements="26" coveredstatements="24" conditionals="9" coveredconditionals="3" methods="7" coveredmethods="7"/>
        <line num="1" count="1" type="stmt"/>
        <line num="2" count="1" type="stmt"/>
        <line num="3" count="1" type="stmt"/>
        <line num="4" count="1" type="stmt"/>
        <line num="6" count="1" type="stmt"/>
        <line num="7" count="4" type="stmt"/>
        <line num="8" count="4" type="stmt"/>
        <line num="9" count="4" type="stmt"/>
        <line num="11" count="4" type="stmt"/>
        <line num="12" count="1" type="stmt"/>
        <line num="13" count="1" type="stmt"/>
        <line num="14" count="1" type="stmt"/>
        <line num="17" count="4" type="stmt"/>
        <line num="18" count="1" type="stmt"/>
        <line num="19" count="1" type="stmt"/>
        <line num="20" count="1" type="stmt"/>
        <line num="23" count="4" type="stmt"/>
        <line num="24" count="2" type="cond" truecount="0" falsecount="1"/>
        <line num="25" count="0" type="cond" truecount="0" falsecount="2"/>
        <line num="27" count="2" type="cond" truecount="0" falsecount="1"/>
        <line num="28" count="0" type="cond" truecount="0" falsecount="2"/>
        <line num="32" count="4" type="stmt"/>
        <line num="33" count="80" type="stmt"/>
        <line num="37" count="53" type="stmt"/>
        <line num="42" count="4" type="stmt"/>
        <line num="57" count="33" type="stmt"/>
      </file>
    </package>
    <package name="src.pages.UserInfoPage">
      <metrics statements="9" coveredstatements="9" conditionals="3" coveredconditionals="3" methods="1" coveredmethods="1"/>
      <file name="UserInfoPage.tsx" path="/run/media/rasmus/Files/code/course/React/ReactJS/Testing/src/pages/UserInfoPage/UserInfoPage.tsx">
        <metrics statements="9" coveredstatements="9" conditionals="3" coveredconditionals="3" methods="1" coveredmethods="1"/>
        <line num="1" count="1" type="stmt"/>
        <line num="2" count="1" type="stmt"/>
        <line num="3" count="1" type="stmt"/>
        <line num="5" count="1" type="stmt"/>
        <line num="6" count="2" type="stmt"/>
        <line num="7" count="2" type="stmt"/>
        <line num="9" count="2" type="cond" truecount="1" falsecount="0"/>
        <line num="10" count="1" type="stmt"/>
        <line num="21" count="1" type="stmt"/>
      </file>
    </package>
    <package name="src.pages.UsersPage">
      <metrics statements="13" coveredstatements="13" conditionals="2" coveredconditionals="2" methods="4" coveredmethods="4"/>
      <file name="UsersPage.tsx" path="/run/media/rasmus/Files/code/course/React/ReactJS/Testing/src/pages/UsersPage/UsersPage.tsx">
        <metrics statements="13" coveredstatements="13" conditionals="2" coveredconditionals="2" methods="4" coveredmethods="4"/>
        <line num="2" count="1" type="stmt"/>
        <line num="3" count="1" type="stmt"/>
        <line num="4" count="1" type="stmt"/>
        <line num="6" count="1" type="stmt"/>
        <line num="7" count="1" type="stmt"/>
        <line num="9" count="1" type="stmt"/>
        <line num="10" count="1" type="stmt"/>
        <line num="11" count="1" type="stmt"/>
        <line num="14" count="1" type="cond" truecount="2" falsecount="0"/>
        <line num="16" count="1" type="stmt"/>
        <line num="17" count="20" type="stmt"/>
        <line num="20" count="1" type="stmt"/>
        <line num="31" count="20" type="stmt"/>
      </file>
    </package>
  </project>
</coverage>
