{"/run/media/rasmus/Files/code/course/React/ReactJS/Testing/libs/tests.ts": {"path":"/run/media/rasmus/Files/code/course/React/ReactJS/Testing/libs/tests.ts","statementMap":{"0":{"start":{"line":1,"column":0},"end":{"line":1,"column":47}},"1":{"start":{"line":3,"column":0},"end":{"line":3,"column":48}},"2":{"start":{"line":5,"column":32},"end":{"line":7,"column":1}},"3":{"start":{"line":6,"column":2},"end":{"line":6,"column":null}},"4":{"start":{"line":5,"column":13},"end":{"line":5,"column":32}}},"fnMap":{"0":{"name":"(anonymous_0)","decl":{"start":{"line":5,"column":32},"end":{"line":5,"column":33}},"loc":{"start":{"line":5,"column":53},"end":{"line":7,"column":1}}}},"branchMap":{},"s":{"0":4,"1":4,"2":4,"3":7,"4":4},"f":{"0":7},"b":{}}
,"/run/media/rasmus/Files/code/course/React/ReactJS/Testing/mocks/fileMock.js": {"path":"/run/media/rasmus/Files/code/course/React/ReactJS/Testing/mocks/fileMock.js","statementMap":{"0":{"start":{"line":1,"column":0},"end":{"line":1,"column":19}}},"fnMap":{},"branchMap":{},"s":{"0":5},"f":{},"b":{},"inputSourceMap":null,"_coverageSchema":"1a1c01bbd47fc00a2c39e90264f33305004495a9","hash":"b348aba2099ee233d3d7f7eb57b12673f17a9f5d"}
,"/run/media/rasmus/Files/code/course/React/ReactJS/Testing/src/data/index.ts": {"path":"/run/media/rasmus/Files/code/course/React/ReactJS/Testing/src/data/index.ts","statementMap":{"0":{"start":{"line":1,"column":0},"end":{"line":1,"column":9}},"1":{"start":{"line":1,"column":9},"end":{"line":1,"column":32}},"2":{"start":{"line":2,"column":0},"end":{"line":2,"column":9}},"3":{"start":{"line":2,"column":9},"end":{"line":2,"column":40}}},"fnMap":{"0":{"name":"(anonymous_0)","decl":{"start":{"line":1,"column":9},"end":{"line":1,"column":14}},"loc":{"start":{"line":1,"column":9},"end":{"line":1,"column":32}}},"1":{"name":"(anonymous_1)","decl":{"start":{"line":2,"column":9},"end":{"line":2,"column":18}},"loc":{"start":{"line":2,"column":9},"end":{"line":2,"column":40}}}},"branchMap":{},"s":{"0":4,"1":8,"2":4,"3":12},"f":{"0":4,"1":8},"b":{}}
,"/run/media/rasmus/Files/code/course/React/ReactJS/Testing/src/data/playlists.ts": {"path":"/run/media/rasmus/Files/code/course/React/ReactJS/Testing/src/data/playlists.ts","statementMap":{"0":{"start":{"line":3,"column":13},"end":{"line":460,"column":2}}},"fnMap":{},"branchMap":{},"s":{"0":4},"f":{},"b":{}}
,"/run/media/rasmus/Files/code/course/React/ReactJS/Testing/src/data/users.ts": {"path":"/run/media/rasmus/Files/code/course/React/ReactJS/Testing/src/data/users.ts","statementMap":{"0":{"start":{"line":2,"column":0},"end":{"line":2,"column":40}},"1":{"start":{"line":4,"column":13},"end":{"line":190,"column":2}}},"fnMap":{},"branchMap":{},"s":{"0":4,"1":4},"f":{},"b":{}}
,"/run/media/rasmus/Files/code/course/React/ReactJS/Testing/src/pages/MainPage/MainPage.tsx": {"path":"/run/media/rasmus/Files/code/course/React/ReactJS/Testing/src/pages/MainPage/MainPage.tsx","statementMap":{"0":{"start":{"line":1,"column":0},"end":{"line":1,"column":24}},"1":{"start":{"line":4,"column":1},"end":{"line":28,"column":3}},"2":{"start":{"line":3,"column":0},"end":{"line":3,"column":16}}},"fnMap":{"0":{"name":"MainPage","decl":{"start":{"line":3,"column":16},"end":{"line":3,"column":24}},"loc":{"start":{"line":3,"column":24},"end":{"line":29,"column":1}}}},"branchMap":{},"s":{"0":1,"1":1,"2":1},"f":{"0":1},"b":{}}
,"/run/media/rasmus/Files/code/course/React/ReactJS/Testing/src/pages/PlaylistInfoPage/PlaylistInfoPage.tsx": {"path":"/run/media/rasmus/Files/code/course/React/ReactJS/Testing/src/pages/PlaylistInfoPage/PlaylistInfoPage.tsx","statementMap":{"0":{"start":{"line":1,"column":0},"end":{"line":1,"column":44}},"1":{"start":{"line":2,"column":0},"end":{"line":2,"column":38}},"2":{"start":{"line":4,"column":0},"end":{"line":4,"column":31}},"3":{"start":{"line":7,"column":25},"end":{"line":7,"column":36}},"4":{"start":{"line":8,"column":30},"end":{"line":8,"column":59}},"5":{"start":{"line":10,"column":2},"end":{"line":20,"column":3}},"6":{"start":{"line":11,"column":4},"end":{"line":19,"column":null}},"7":{"start":{"line":22,"column":27},"end":{"line":24,"column":3}},"8":{"start":{"line":23,"column":4},"end":{"line":23,"column":null}},"9":{"start":{"line":26,"column":21},"end":{"line":28,"column":3}},"10":{"start":{"line":27,"column":4},"end":{"line":27,"column":null}},"11":{"start":{"line":30,"column":2},"end":{"line":42,"column":null}},"12":{"start":{"line":35,"column":26},"end":{"line":35,"column":58}},"13":{"start":{"line":38,"column":10},"end":{"line":38,"column":35}},"14":{"start":{"line":6,"column":0},"end":{"line":6,"column":16}}},"fnMap":{"0":{"name":"PlaylistInfoPage","decl":{"start":{"line":6,"column":16},"end":{"line":6,"column":32}},"loc":{"start":{"line":6,"column":32},"end":{"line":43,"column":1}}},"1":{"name":"(anonymous_1)","decl":{"start":{"line":22,"column":27},"end":{"line":22,"column":28}},"loc":{"start":{"line":22,"column":45},"end":{"line":24,"column":3}}},"2":{"name":"(anonymous_2)","decl":{"start":{"line":26,"column":21},"end":{"line":26,"column":24}},"loc":{"start":{"line":26,"column":26},"end":{"line":28,"column":3}}},"3":{"name":"(anonymous_3)","decl":{"start":{"line":35,"column":20},"end":{"line":35,"column":23}},"loc":{"start":{"line":35,"column":26},"end":{"line":35,"column":58}}},"4":{"name":"(anonymous_4)","decl":{"start":{"line":37,"column":29},"end":{"line":37,"column":30}},"loc":{"start":{"line":38,"column":10},"end":{"line":38,"column":35}}}},"branchMap":{"0":{"loc":{"start":{"line":10,"column":2},"end":{"line":20,"column":3}},"type":"if","locations":[{"start":{"line":10,"column":2},"end":{"line":20,"column":3}}]}},"s":{"0":1,"1":1,"2":1,"3":2,"4":2,"5":2,"6":1,"7":1,"8":0,"9":1,"10":20,"11":1,"12":0,"13":20,"14":1},"f":{"0":2,"1":0,"2":20,"3":0,"4":20},"b":{"0":[1]}}
,"/run/media/rasmus/Files/code/course/React/ReactJS/Testing/src/pages/PlaylistsPage/PlaylistsPage.tsx": {"path":"/run/media/rasmus/Files/code/course/React/ReactJS/Testing/src/pages/PlaylistsPage/PlaylistsPage.tsx","statementMap":{"0":{"start":{"line":1,"column":0},"end":{"line":1,"column":56}},"1":{"start":{"line":2,"column":0},"end":{"line":2,"column":38}},"2":{"start":{"line":3,"column":0},"end":{"line":3,"column":28}},"3":{"start":{"line":4,"column":0},"end":{"line":4,"column":56}},"4":{"start":{"line":7,"column":40},"end":{"line":7,"column":57}},"5":{"start":{"line":8,"column":28},"end":{"line":8,"column":48}},"6":{"start":{"line":9,"column":26},"end":{"line":9,"column":46}},"7":{"start":{"line":11,"column":27},"end":{"line":15,"column":3}},"8":{"start":{"line":12,"column":22},"end":{"line":12,"column":30}},"9":{"start":{"line":13,"column":4},"end":{"line":13,"column":null}},"10":{"start":{"line":14,"column":4},"end":{"line":14,"column":null}},"11":{"start":{"line":17,"column":28},"end":{"line":21,"column":3}},"12":{"start":{"line":18,"column":22},"end":{"line":18,"column":30}},"13":{"start":{"line":19,"column":4},"end":{"line":19,"column":null}},"14":{"start":{"line":20,"column":4},"end":{"line":20,"column":null}},"15":{"start":{"line":23,"column":2},"end":{"line":30,"column":null}},"16":{"start":{"line":24,"column":4},"end":{"line":26,"column":5}},"17":{"start":{"line":25,"column":6},"end":{"line":25,"column":null}},"18":{"start":{"line":27,"column":4},"end":{"line":29,"column":5}},"19":{"start":{"line":28,"column":6},"end":{"line":28,"column":null}},"20":{"start":{"line":32,"column":28},"end":{"line":40,"column":4}},"21":{"start":{"line":33,"column":4},"end":{"line":39,"column":null}},"22":{"start":{"line":37,"column":8},"end":{"line":37,"column":null}},"23":{"start":{"line":42,"column":2},"end":{"line":63,"column":null}},"24":{"start":{"line":57,"column":10},"end":{"line":57,"column":null}},"25":{"start":{"line":6,"column":0},"end":{"line":6,"column":16}}},"fnMap":{"0":{"name":"PlaylistsPage","decl":{"start":{"line":6,"column":16},"end":{"line":6,"column":29}},"loc":{"start":{"line":6,"column":29},"end":{"line":64,"column":1}}},"1":{"name":"(anonymous_1)","decl":{"start":{"line":11,"column":27},"end":{"line":11,"column":28}},"loc":{"start":{"line":11,"column":69},"end":{"line":15,"column":3}}},"2":{"name":"(anonymous_2)","decl":{"start":{"line":17,"column":28},"end":{"line":17,"column":29}},"loc":{"start":{"line":17,"column":70},"end":{"line":21,"column":3}}},"3":{"name":"(anonymous_3)","decl":{"start":{"line":23,"column":12},"end":{"line":23,"column":15}},"loc":{"start":{"line":23,"column":17},"end":{"line":30,"column":3}}},"4":{"name":"(anonymous_4)","decl":{"start":{"line":32,"column":45},"end":{"line":32,"column":46}},"loc":{"start":{"line":32,"column":58},"end":{"line":40,"column":3}}},"5":{"name":"(anonymous_5)","decl":{"start":{"line":36,"column":26},"end":{"line":36,"column":27}},"loc":{"start":{"line":36,"column":35},"end":{"line":38,"column":7}}},"6":{"name":"(anonymous_6)","decl":{"start":{"line":56,"column":32},"end":{"line":56,"column":33}},"loc":{"start":{"line":57,"column":10},"end":{"line":57,"column":null}}}},"branchMap":{"0":{"loc":{"start":{"line":24,"column":4},"end":{"line":26,"column":5}},"type":"if","locations":[{"start":{"line":24,"column":4},"end":{"line":26,"column":5}}]},"1":{"loc":{"start":{"line":25,"column":15},"end":{"line":25,"column":45}},"type":"binary-expr","locations":[{"start":{"line":25,"column":15},"end":{"line":25,"column":39}},{"start":{"line":25,"column":43},"end":{"line":25,"column":45}}]},"2":{"loc":{"start":{"line":27,"column":4},"end":{"line":29,"column":5}},"type":"if","locations":[{"start":{"line":27,"column":4},"end":{"line":29,"column":5}}]},"3":{"loc":{"start":{"line":28,"column":14},"end":{"line":28,"column":43}},"type":"binary-expr","locations":[{"start":{"line":28,"column":14},"end":{"line":28,"column":37}},{"start":{"line":28,"column":41},"end":{"line":28,"column":43}}]},"4":{"loc":{"start":{"line":34,"column":6},"end":{"line":38,"column":8}},"type":"binary-expr","locations":[{"start":{"line":34,"column":6},"end":{"line":34,"column":64}},{"start":{"line":35,"column":6},"end":{"line":35,"column":62}},{"start":{"line":36,"column":6},"end":{"line":38,"column":8}}]}},"s":{"0":1,"1":1,"2":1,"3":1,"4":4,"5":4,"6":4,"7":4,"8":1,"9":1,"10":1,"11":4,"12":1,"13":1,"14":1,"15":4,"16":2,"17":0,"18":2,"19":0,"20":4,"21":80,"22":53,"23":4,"24":33,"25":1},"f":{"0":4,"1":1,"2":1,"3":2,"4":80,"5":53,"6":33},"b":{"0":[0],"1":[0,0],"2":[0],"3":[0,0],"4":[80,61,42]}}
,"/run/media/rasmus/Files/code/course/React/ReactJS/Testing/src/pages/UserInfoPage/UserInfoPage.tsx": {"path":"/run/media/rasmus/Files/code/course/React/ReactJS/Testing/src/pages/UserInfoPage/UserInfoPage.tsx","statementMap":{"0":{"start":{"line":1,"column":0},"end":{"line":1,"column":51}},"1":{"start":{"line":2,"column":0},"end":{"line":2,"column":46}},"2":{"start":{"line":3,"column":0},"end":{"line":3,"column":28}},"3":{"start":{"line":6,"column":20},"end":{"line":6,"column":31}},"4":{"start":{"line":7,"column":14},"end":{"line":7,"column":35}},"5":{"start":{"line":9,"column":1},"end":{"line":19,"column":2}},"6":{"start":{"line":10,"column":2},"end":{"line":18,"column":4}},"7":{"start":{"line":21,"column":1},"end":{"line":40,"column":3}},"8":{"start":{"line":5,"column":0},"end":{"line":5,"column":16}}},"fnMap":{"0":{"name":"UserInfoPage","decl":{"start":{"line":5,"column":16},"end":{"line":5,"column":28}},"loc":{"start":{"line":5,"column":28},"end":{"line":41,"column":1}}}},"branchMap":{"0":{"loc":{"start":{"line":9,"column":1},"end":{"line":19,"column":2}},"type":"if","locations":[{"start":{"line":9,"column":1},"end":{"line":19,"column":2}}]},"1":{"loc":{"start":{"line":31,"column":6},"end":{"line":35,"column":null}},"type":"binary-expr","locations":[{"start":{"line":31,"column":6},"end":{"line":31,"column":19}},{"start":{"line":32,"column":5},"end":{"line":34,"column":null}}]}},"s":{"0":1,"1":1,"2":1,"3":2,"4":2,"5":2,"6":1,"7":1,"8":1},"f":{"0":2},"b":{"0":[1],"1":[1,1]}}
,"/run/media/rasmus/Files/code/course/React/ReactJS/Testing/src/pages/UsersPage/UsersPage.tsx": {"path":"/run/media/rasmus/Files/code/course/React/ReactJS/Testing/src/pages/UsersPage/UsersPage.tsx","statementMap":{"0":{"start":{"line":2,"column":0},"end":{"line":2,"column":35}},"1":{"start":{"line":3,"column":0},"end":{"line":3,"column":25}},"2":{"start":{"line":4,"column":0},"end":{"line":4,"column":57}},"3":{"start":{"line":7,"column":39},"end":{"line":7,"column":56}},"4":{"start":{"line":9,"column":26},"end":{"line":12,"column":2}},"5":{"start":{"line":10,"column":20},"end":{"line":10,"column":32}},"6":{"start":{"line":11,"column":2},"end":{"line":11,"column":54}},"7":{"start":{"line":14,"column":20},"end":{"line":14,"column":55}},"8":{"start":{"line":16,"column":23},"end":{"line":17,"column":null}},"9":{"start":{"line":17,"column":2},"end":{"line":17,"column":45}},"10":{"start":{"line":20,"column":1},"end":{"line":37,"column":3}},"11":{"start":{"line":31,"column":5},"end":{"line":31,"column":null}},"12":{"start":{"line":6,"column":0},"end":{"line":6,"column":16}}},"fnMap":{"0":{"name":"UsersPage","decl":{"start":{"line":6,"column":16},"end":{"line":6,"column":25}},"loc":{"start":{"line":6,"column":25},"end":{"line":38,"column":1}}},"1":{"name":"(anonymous_1)","decl":{"start":{"line":9,"column":26},"end":{"line":9,"column":27}},"loc":{"start":{"line":9,"column":73},"end":{"line":12,"column":2}}},"2":{"name":"(anonymous_2)","decl":{"start":{"line":16,"column":36},"end":{"line":16,"column":37}},"loc":{"start":{"line":17,"column":2},"end":{"line":17,"column":45}}},"3":{"name":"(anonymous_3)","decl":{"start":{"line":30,"column":23},"end":{"line":30,"column":24}},"loc":{"start":{"line":31,"column":5},"end":{"line":31,"column":null}}}},"branchMap":{"0":{"loc":{"start":{"line":14,"column":20},"end":{"line":14,"column":55}},"type":"binary-expr","locations":[{"start":{"line":14,"column":20},"end":{"line":14,"column":49}},{"start":{"line":14,"column":53},"end":{"line":14,"column":55}}]}},"s":{"0":1,"1":1,"2":1,"3":1,"4":1,"5":1,"6":1,"7":1,"8":1,"9":20,"10":1,"11":20,"12":1},"f":{"0":1,"1":1,"2":20,"3":20},"b":{"0":[1,1]}}
}
