TN:
SF:libs/tests.ts
FN:5,(anonymous_0)
FNF:1
FNH:1
FNDA:7,(anonymous_0)
DA:1,4
DA:3,4
DA:5,4
DA:6,7
LF:4
LH:4
BRF:0
BRH:0
end_of_record
TN:
SF:mocks/fileMock.js
FNF:0
FNH:0
DA:1,5
LF:1
LH:1
BRF:0
BRH:0
end_of_record
TN:
SF:src/data/index.ts
FN:1,(anonymous_0)
FN:2,(anonymous_1)
FNF:2
FNH:2
FNDA:4,(anonymous_0)
FNDA:8,(anonymous_1)
DA:1,8
DA:2,12
LF:2
LH:2
BRF:0
BRH:0
end_of_record
TN:
SF:src/data/playlists.ts
FNF:0
FNH:0
DA:3,4
LF:1
LH:1
BRF:0
BRH:0
end_of_record
TN:
SF:src/data/users.ts
FNF:0
FNH:0
DA:2,4
DA:4,4
LF:2
LH:2
BRF:0
BRH:0
end_of_record
TN:
SF:src/pages/MainPage/MainPage.tsx
FN:3,MainPage
FNF:1
FNH:1
FNDA:1,MainPage
DA:1,1
DA:3,1
DA:4,1
LF:3
LH:3
BRF:0
BRH:0
end_of_record
TN:
SF:src/pages/PlaylistInfoPage/PlaylistInfoPage.tsx
FN:6,PlaylistInfoPage
FN:22,(anonymous_1)
FN:26,(anonymous_2)
FN:35,(anonymous_3)
FN:37,(anonymous_4)
FNF:5
FNH:3
FNDA:2,PlaylistInfoPage
FNDA:0,(anonymous_1)
FNDA:20,(anonymous_2)
FNDA:0,(anonymous_3)
FNDA:20,(anonymous_4)
DA:1,1
DA:2,1
DA:4,1
DA:6,1
DA:7,2
DA:8,2
DA:10,2
DA:11,1
DA:22,1
DA:23,0
DA:26,1
DA:27,20
DA:30,1
DA:35,0
DA:38,20
LF:15
LH:13
BRDA:10,0,0,1
BRF:1
BRH:1
end_of_record
TN:
SF:src/pages/PlaylistsPage/PlaylistsPage.tsx
FN:6,PlaylistsPage
FN:11,(anonymous_1)
FN:17,(anonymous_2)
FN:23,(anonymous_3)
FN:32,(anonymous_4)
FN:36,(anonymous_5)
FN:56,(anonymous_6)
FNF:7
FNH:7
FNDA:4,PlaylistsPage
FNDA:1,(anonymous_1)
FNDA:1,(anonymous_2)
FNDA:2,(anonymous_3)
FNDA:80,(anonymous_4)
FNDA:53,(anonymous_5)
FNDA:33,(anonymous_6)
DA:1,1
DA:2,1
DA:3,1
DA:4,1
DA:6,1
DA:7,4
DA:8,4
DA:9,4
DA:11,4
DA:12,1
DA:13,1
DA:14,1
DA:17,4
DA:18,1
DA:19,1
DA:20,1
DA:23,4
DA:24,2
DA:25,0
DA:27,2
DA:28,0
DA:32,4
DA:33,80
DA:37,53
DA:42,4
DA:57,33
LF:26
LH:24
BRDA:24,0,0,0
BRDA:25,1,0,0
BRDA:25,1,1,0
BRDA:27,2,0,0
BRDA:28,3,0,0
BRDA:28,3,1,0
BRDA:34,4,0,80
BRDA:34,4,1,61
BRDA:34,4,2,42
BRF:9
BRH:3
end_of_record
TN:
SF:src/pages/UserInfoPage/UserInfoPage.tsx
FN:5,UserInfoPage
FNF:1
FNH:1
FNDA:2,UserInfoPage
DA:1,1
DA:2,1
DA:3,1
DA:5,1
DA:6,2
DA:7,2
DA:9,2
DA:10,1
DA:21,1
LF:9
LH:9
BRDA:9,0,0,1
BRDA:31,1,0,1
BRDA:31,1,1,1
BRF:3
BRH:3
end_of_record
TN:
SF:src/pages/UsersPage/UsersPage.tsx
FN:6,UsersPage
FN:9,(anonymous_1)
FN:16,(anonymous_2)
FN:30,(anonymous_3)
FNF:4
FNH:4
FNDA:1,UsersPage
FNDA:1,(anonymous_1)
FNDA:20,(anonymous_2)
FNDA:20,(anonymous_3)
DA:2,1
DA:3,1
DA:4,1
DA:6,1
DA:7,1
DA:9,1
DA:10,1
DA:11,1
DA:14,1
DA:16,1
DA:17,20
DA:20,1
DA:31,20
LF:13
LH:13
BRDA:14,0,0,1
BRDA:14,0,1,1
BRF:2
BRH:2
end_of_record
